[18:24:25] [REI-ReloadPlugins/ERROR] [REI] JEI Plugin [StoragePlugin:sophisticatedstorage:default] of REI Plugin Compatibilities Adapter [rei_plugin_compatibilities, jei] plugin failed to reloadable-plugin/DisplayRegistryImpl/!
java.lang.IndexOutOfBoundsException: Index: 4, Size: 0
	at java.base/java.util.ArrayList.rangeCheckForAdd(ArrayList.java:756)
	at java.base/java.util.ArrayList.add(ArrayList.java:481)
	at TRANSFORMER/minecraft@1.19.2/net.minecraft.core.NonNullList.add(NonNullList.java:61)
	at TRANSFORMER/sophisticatedstorage@1.19.2-0.8.5.402/net.p3pp3rf1y.sophisticatedstorage.compat.jei.TierUpgradeRecipesMaker.lambda$getCraftingRecipes$0(TierUpgradeRecipesMaker.java:50)
	at java.base/java.lang.Iterable.forEach(Iterable.java:75)
	at TRANSFORMER/sophisticatedstorage@1.19.2-0.8.5.402/net.p3pp3rf1y.sophisticatedstorage.compat.jei.TierUpgradeRecipesMaker.lambda$getCraftingRecipes$1(TierUpgradeRecipesMaker.java:32)
	at TRANSFORMER/sophisticatedcore@1.19.2-0.5.57.275/net.p3pp3rf1y.sophisticatedcore.compat.jei.ClientRecipeHelper.lambda$getAndTransformAvailableItemGroupRecipes$2(ClientRecipeHelper.java:42)
	at java.base/java.util.Optional.ifPresent(Optional.java:178)
	at TRANSFORMER/sophisticatedcore@1.19.2-0.5.57.275/net.p3pp3rf1y.sophisticatedcore.compat.jei.ClientRecipeHelper.lambda$getAndTransformAvailableItemGroupRecipes$3(ClientRecipeHelper.java:40)
	at java.base/java.lang.Iterable.forEach(Iterable.java:75)
	at TRANSFORMER/sophisticatedcore@1.19.2-0.5.57.275/net.p3pp3rf1y.sophisticatedcore.compat.jei.ClientRecipeHelper.getAndTransformAvailableItemGroupRecipes(ClientRecipeHelper.java:40)
	at TRANSFORMER/sophisticatedstorage@1.19.2-0.8.5.402/net.p3pp3rf1y.sophisticatedstorage.compat.jei.TierUpgradeRecipesMaker.getCraftingRecipes(TierUpgradeRecipesMaker.java:30)
	at TRANSFORMER/sophisticatedstorage@1.19.2-0.8.5.402/net.p3pp3rf1y.sophisticatedstorage.compat.jei.StoragePlugin.registerRecipes(StoragePlugin.java:149)
	at TRANSFORMER/rei_plugin_compatibilities@9.0.48/me.shedaniel.rei.plugincompatibilities.QLT45XsQMCN.Z512me2Jfed.registerDisplays(JEIPluginDetector.java:557)
	at TRANSFORMER/roughlyenoughitems@9.1.610/me.shedaniel.rei.impl.client.registry.display.DisplayRegistryImpl.acceptPlugin(DisplayRegistryImpl.java:181)
	at TRANSFORMER/roughlyenoughitems@9.1.610/me.shedaniel.rei.impl.client.registry.display.DisplayRegistryImpl.acceptPlugin(DisplayRegistryImpl.java:58)
	at TRANSFORMER/roughlyenoughitems@9.1.610/me.shedaniel.rei.api.common.registry.Reloadable.acceptPlugin(Reloadable.java:72)
	at TRANSFORMER/roughlyenoughitems@9.1.610/me.shedaniel.rei.impl.common.plugins.PluginManagerImpl.lambda$startReload$9(PluginManagerImpl.java:387)
	at TRANSFORMER/roughlyenoughitems@9.1.610/me.shedaniel.rei.impl.common.plugins.PluginManagerImpl.lambda$pluginSection$4(PluginManagerImpl.java:199)
	at TRANSFORMER/roughlyenoughitems@9.1.610/me.shedaniel.rei.impl.common.plugins.PluginManagerImpl.lambda$startReload$10(PluginManagerImpl.java:377)
	at TRANSFORMER/roughlyenoughitems@9.1.610/me.shedaniel.rei.impl.common.plugins.PluginManagerImpl.pluginSection(PluginManagerImpl.java:197)
	at TRANSFORMER/roughlyenoughitems@9.1.610/me.shedaniel.rei.impl.common.plugins.PluginManagerImpl.startReload(PluginManagerImpl.java:375)
	at TRANSFORMER/roughlyenoughitems@9.1.610/me.shedaniel.rei.RoughlyEnoughItemsCore._reloadPlugins(RoughlyEnoughItemsCore.java:160)
	at TRANSFORMER/roughlyenoughitems@9.1.610/me.shedaniel.rei.RoughlyEnoughItemsCoreClient.lambda$reloadPlugins$28(RoughlyEnoughItemsCoreClient.java:526)
	at java.base/java.util.concurrent.CompletableFuture$AsyncRun.run(CompletableFuture.java:1804)
	at java.base/java.util.concurrent.Executors$RunnableAdapter.call(Executors.java:539)
	at java.base/java.util.concurrent.FutureTask.run(FutureTask.java:264)
	at java.base/java.util.concurrent.ScheduledThreadPoolExecutor$ScheduledFutureTask.run(ScheduledThreadPoolExecutor.java:304)
	at java.base/java.util.concurrent.ThreadPoolExecutor.runWorker(ThreadPoolExecutor.java:1136)
	at java.base/java.util.concurrent.ThreadPoolExecutor$Worker.run(ThreadPoolExecutor.java:635)
	at java.base/java.lang.Thread.run(Thread.java:833)
[18:24:26] [REI-ReloadPlugins/ERROR] [REI] JEI Plugin [QuarkJeiPlugin:quark:quark] of REI Plugin Compatibilities Adapter [rei_plugin_compatibilities, jei] plugin failed to reloadable-plugin/TransferHandlerRegistryImpl/!
java.lang.UnsupportedOperationException: This operation has not been implemented yet!
	at TRANSFORMER/rei_plugin_compatibilities@9.0.48/me.shedaniel.rei.plugincompatibilities.QLT45XsQMCN.uXks7MqwhW1.UlWpJYHlLKy(JEIPluginDetector.java:122)
	at TRANSFORMER/rei_plugin_compatibilities@9.0.48/me.shedaniel.rei.plugincompatibilities.QLT45XsQMCN.TZ60tO2d7mo.createUnregisteredRecipeTransferHandler(JEIRecipeTransferHandlerHelper.java:105)
	at TRANSFORMER/quark@3.4-402/vazkii.quark.integration.jei.BackpackRecipeTransferHandler.<init>(BackpackRecipeTransferHandler.java:41)
	at TRANSFORMER/quark@3.4-402/vazkii.quark.integration.jei.QuarkJeiPlugin.registerRecipeTransferHandlers(QuarkJeiPlugin.java:203)
	at TRANSFORMER/rei_plugin_compatibilities@9.0.48/me.shedaniel.rei.plugincompatibilities.QLT45XsQMCN.Z512me2Jfed.registerTransferHandlers(JEIPluginDetector.java:572)
	at TRANSFORMER/roughlyenoughitems@9.1.610/me.shedaniel.rei.impl.client.transfer.TransferHandlerRegistryImpl.acceptPlugin(TransferHandlerRegistryImpl.java:48)
	at TRANSFORMER/roughlyenoughitems@9.1.610/me.shedaniel.rei.impl.client.transfer.TransferHandlerRegistryImpl.acceptPlugin(TransferHandlerRegistryImpl.java:42)
	at TRANSFORMER/roughlyenoughitems@9.1.610/me.shedaniel.rei.api.common.registry.Reloadable.acceptPlugin(Reloadable.java:72)
	at TRANSFORMER/roughlyenoughitems@9.1.610/me.shedaniel.rei.impl.common.plugins.PluginManagerImpl.lambda$startReload$9(PluginManagerImpl.java:387)
	at TRANSFORMER/roughlyenoughitems@9.1.610/me.shedaniel.rei.impl.common.plugins.PluginManagerImpl.lambda$pluginSection$4(PluginManagerImpl.java:199)
	at TRANSFORMER/roughlyenoughitems@9.1.610/me.shedaniel.rei.impl.common.plugins.PluginManagerImpl.lambda$startReload$10(PluginManagerImpl.java:377)
	at TRANSFORMER/roughlyenoughitems@9.1.610/me.shedaniel.rei.impl.common.plugins.PluginManagerImpl.pluginSection(PluginManagerImpl.java:197)
	at TRANSFORMER/roughlyenoughitems@9.1.610/me.shedaniel.rei.impl.common.plugins.PluginManagerImpl.startReload(PluginManagerImpl.java:375)
	at TRANSFORMER/roughlyenoughitems@9.1.610/me.shedaniel.rei.RoughlyEnoughItemsCore._reloadPlugins(RoughlyEnoughItemsCore.java:160)
	at TRANSFORMER/roughlyenoughitems@9.1.610/me.shedaniel.rei.RoughlyEnoughItemsCoreClient.lambda$reloadPlugins$28(RoughlyEnoughItemsCoreClient.java:526)
	at java.base/java.util.concurrent.CompletableFuture$AsyncRun.run(CompletableFuture.java:1804)
	at java.base/java.util.concurrent.Executors$RunnableAdapter.call(Executors.java:539)
	at java.base/java.util.concurrent.FutureTask.run(FutureTask.java:264)
	at java.base/java.util.concurrent.ScheduledThreadPoolExecutor$ScheduledFutureTask.run(ScheduledThreadPoolExecutor.java:304)
	at java.base/java.util.concurrent.ThreadPoolExecutor.runWorker(ThreadPoolExecutor.java:1136)
	at java.base/java.util.concurrent.ThreadPoolExecutor$Worker.run(ThreadPoolExecutor.java:635)
	at java.base/java.lang.Thread.run(Thread.java:833)
[18:24:26] [REI-ReloadPlugins/ERROR] [REI] JEI Plugin [AdAstraJeiPlugin:ad_astra:jei] of REI Plugin Compatibilities Adapter [rei_plugin_compatibilities, jei] plugin failed to reloadable-plugin/TransferHandlerRegistryImpl/!
java.lang.UnsupportedOperationException: This operation has not been implemented yet!
	at TRANSFORMER/rei_plugin_compatibilities@9.0.48/me.shedaniel.rei.plugincompatibilities.QLT45XsQMCN.uXks7MqwhW1.UlWpJYHlLKy(JEIPluginDetector.java:122)
	at TRANSFORMER/rei_plugin_compatibilities@9.0.48/me.shedaniel.rei.plugincompatibilities.QLT45XsQMCN.TZ60tO2d7mo.createUnregisteredRecipeTransferHandler(JEIRecipeTransferHandlerHelper.java:105)
	at TRANSFORMER/ad_astra@1.12.6/earth.terrarium.ad_astra.common.compat.jei.AdAstraJeiPlugin.registerRecipeTransferHandlers(AdAstraJeiPlugin.java:80)
	at TRANSFORMER/rei_plugin_compatibilities@9.0.48/me.shedaniel.rei.plugincompatibilities.QLT45XsQMCN.Z512me2Jfed.registerTransferHandlers(JEIPluginDetector.java:572)
	at TRANSFORMER/roughlyenoughitems@9.1.610/me.shedaniel.rei.impl.client.transfer.TransferHandlerRegistryImpl.acceptPlugin(TransferHandlerRegistryImpl.java:48)
	at TRANSFORMER/roughlyenoughitems@9.1.610/me.shedaniel.rei.impl.client.transfer.TransferHandlerRegistryImpl.acceptPlugin(TransferHandlerRegistryImpl.java:42)
	at TRANSFORMER/roughlyenoughitems@9.1.610/me.shedaniel.rei.api.common.registry.Reloadable.acceptPlugin(Reloadable.java:72)
	at TRANSFORMER/roughlyenoughitems@9.1.610/me.shedaniel.rei.impl.common.plugins.PluginManagerImpl.lambda$startReload$9(PluginManagerImpl.java:387)
	at TRANSFORMER/roughlyenoughitems@9.1.610/me.shedaniel.rei.impl.common.plugins.PluginManagerImpl.lambda$pluginSection$4(PluginManagerImpl.java:199)
	at TRANSFORMER/roughlyenoughitems@9.1.610/me.shedaniel.rei.impl.common.plugins.PluginManagerImpl.lambda$startReload$10(PluginManagerImpl.java:377)
	at TRANSFORMER/roughlyenoughitems@9.1.610/me.shedaniel.rei.impl.common.plugins.PluginManagerImpl.pluginSection(PluginManagerImpl.java:197)
	at TRANSFORMER/roughlyenoughitems@9.1.610/me.shedaniel.rei.impl.common.plugins.PluginManagerImpl.startReload(PluginManagerImpl.java:375)
	at TRANSFORMER/roughlyenoughitems@9.1.610/me.shedaniel.rei.RoughlyEnoughItemsCore._reloadPlugins(RoughlyEnoughItemsCore.java:160)
	at TRANSFORMER/roughlyenoughitems@9.1.610/me.shedaniel.rei.RoughlyEnoughItemsCoreClient.lambda$reloadPlugins$28(RoughlyEnoughItemsCoreClient.java:526)
	at java.base/java.util.concurrent.CompletableFuture$AsyncRun.run(CompletableFuture.java:1804)
	at java.base/java.util.concurrent.Executors$RunnableAdapter.call(Executors.java:539)
	at java.base/java.util.concurrent.FutureTask.run(FutureTask.java:264)
	at java.base/java.util.concurrent.ScheduledThreadPoolExecutor$ScheduledFutureTask.run(ScheduledThreadPoolExecutor.java:304)
	at java.base/java.util.concurrent.ThreadPoolExecutor.runWorker(ThreadPoolExecutor.java:1136)
	at java.base/java.util.concurrent.ThreadPoolExecutor$Worker.run(ThreadPoolExecutor.java:635)
	at java.base/java.lang.Thread.run(Thread.java:833)
[18:24:28] [REI-ReloadPlugins/ERROR] [REI] createFocusLink is not supported in REI yet!
